INFO:botocore.credentials:Found credentials in shared credentials file: ~/.aws/credentials
INFO:botocore.credentials:Found credentials in shared credentials file: ~/.aws/credentials
INFO:botocore.credentials:Found credentials in shared credentials file: ~/.aws/credentials
INFO:botocore.credentials:Found credentials in shared credentials file: ~/.aws/credentials
INFO:root:In DDB: widgets, at time: 2021-03-14 21:15:17.097460, created widget:1fe1d70b-ecd4-415d-90e4-b1d5ee6876a8
INFO:root:In DDB: widgets, at time: 2021-03-14 21:15:18.325661, created widget:fd253b78-3df6-4662-9422-598ddd77d865
INFO:root:In DDB: widgets, at time: 2021-03-14 21:15:19.349387, created widget:6f786ded-ad58-4113-82fe-a56ebb2032da
INFO:root:In DDB: widgets, at time: 2021-03-14 21:15:20.281170, created widget:63d18eab-6575-49d9-85fc-6ad3e9275bf8
INFO:root:In DDB: widgets, at time: 2021-03-14 21:15:21.209110, created widget:db7bb145-6608-4ab7-ae0a-76708b12aff7
INFO:root:In DDB: widgets, at time: 2021-03-14 21:15:22.057100, created widget:69ebb5d4-b15c-4053-8de5-d229b84d4c7a
INFO:root:In DDB: widgets, at time: 2021-03-14 21:15:22.970529, created widget:c4e9c4f8-0fb1-429d-bbe9-9f711bc186fa
INFO:root:In DDB: widgets, at time: 2021-03-14 21:15:23.852198, created widget:0c9b9bc0-acff-477a-8954-0e9dfeaac6e6
INFO:root:In DDB: widgets, at time: 2021-03-14 21:15:24.818354, created widget:34eca705-7852-4ef9-adb3-401479a0c7db
INFO:root:In DDB: widgets, at time: 2021-03-14 21:15:25.384686, deleted widget:c4e9c4f8-0fb1-429d-bbe9-9f711bc186fa
INFO:root:In DDB: widgets, at time: 2021-03-14 21:15:26.299611, created widget:900b081b-bac8-410d-9282-12a0edb3c26c
INFO:root:In DDB: widgets, at time: 2021-03-14 21:15:27.263969, created widget:38eb1b43-e312-49f9-8ef6-8ec0143809bf
INFO:root:In DDB: widgets, at time: 2021-03-14 21:15:28.139668, created widget:a05752b7-0674-49de-97ed-907ea0528443
INFO:root:In DDB: widgets, at time: 2021-03-14 21:15:28.882816, deleted widget:db7bb145-6608-4ab7-ae0a-76708b12aff7
INFO:botocore.credentials:Found credentials in shared credentials file: ~/.aws/credentials
INFO:root:In DDB: widgets, at time: 2021-03-14 21:15:33.970179, deleted widget:fd253b78-3df6-4662-9422-598ddd77d865
INFO:root:In DDB: widgets, at time: 2021-03-14 21:15:35.134044, created widget:1aaf3470-5263-4eff-81c8-e66fe61378a5
INFO:botocore.credentials:Found credentials in shared credentials file: ~/.aws/credentials
INFO:root:In DDB: widgets, at time: 2021-03-14 21:15:54.050465, created widget:ee940c66-fd91-45fa-93b1-b604806adce1
INFO:root:In DDB: widgets, at time: 2021-03-14 21:15:54.676317, updated widget:1fe1d70b-ecd4-415d-90e4-b1d5ee6876a8
INFO:root:In DDB: widgets, at time: 2021-03-14 21:15:55.290155, updated widget:63d18eab-6575-49d9-85fc-6ad3e9275bf8
INFO:root:In DDB: widgets, at time: 2021-03-14 21:15:55.988991, updated widget:63d18eab-6575-49d9-85fc-6ad3e9275bf8
INFO:root:In DDB: widgets, at time: 2021-03-14 21:15:56.638920, updated widget:34eca705-7852-4ef9-adb3-401479a0c7db
INFO:root:In DDB: widgets, at time: 2021-03-14 21:15:57.238435, updated widget:69ebb5d4-b15c-4053-8de5-d229b84d4c7a
INFO:root:In DDB: widgets, at time: 2021-03-14 21:15:58.162671, created widget:f3714c26-0354-4b45-9564-5adbfbf333c8
INFO:root:In DDB: widgets, at time: 2021-03-14 21:15:58.801609, updated widget:f3714c26-0354-4b45-9564-5adbfbf333c8
INFO:root:In DDB: widgets, at time: 2021-03-14 21:15:59.666684, created widget:5e8613e7-d014-4c8b-834f-08b702e399ab
INFO:root:In DDB: widgets, at time: 2021-03-14 21:16:00.599035, created widget:2e77c78a-ae1c-47d0-b03d-caf7cf69f3da
INFO:root:In DDB: widgets, at time: 2021-03-14 21:16:01.242999, updated widget:38eb1b43-e312-49f9-8ef6-8ec0143809bf
INFO:root:In DDB: widgets, at time: 2021-03-14 21:16:02.128379, created widget:489dbce8-e3a5-4fa7-a248-c0d264406b38
